[2025-10-21T10:15:40.732Z] INFO: Server is running at http://localhost:3000
[2025-10-21T10:16:15.462Z] INFO: Server is running at http://localhost:3000
[2025-10-21T10:16:42.812Z] INFO: Server is running at http://localhost:3000
[2025-10-21T10:16:42.812Z] INFO: Log dipo : ./logs/
[2025-10-21T10:16:57.287Z] INFO: Server is running at http://localhost:3000
[2025-10-21T10:16:57.288Z] INFO: Log dipo : ./logs/
[2025-10-21T10:21:11.306Z] INFO: Server is running at http://localhost:3000
[2025-10-21T10:21:11.308Z] INFO: Log dipo : ./logs/
2025-10-21T10:21:26.926Z GET /test/error 500 1.146 ms - 96
2025-10-21T10:22:12.903Z GET /test/async-error 500 101.828 ms - 95
2025-10-21T10:23:25.637Z GET /test/unhandled 500 1.483 ms - 120
2025-10-21T10:23:46.638Z GET /test/health 404 0.992 ms - 108
2025-10-21T10:23:52.444Z GET /health 200 0.818 ms - 77
[2025-10-21T10:26:30.101Z] INFO: Server is running at http://localhost:3000
[2025-10-21T10:26:30.103Z] INFO: Log dipo : ./logs/
[2025-10-21T10:27:11.856Z] INFO: Server is running at http://localhost:3000
[2025-10-21T10:27:11.857Z] INFO: Log dipo : ./logs/
[2025-10-21T10:29:03.910Z] INFO: Server is running at http://localhost:3000
[2025-10-21T10:29:03.911Z] INFO: Log dipo : ./logs/
[2025-10-21T10:40:15.294Z] INFO: Server is running at http://localhost:3000
[2025-10-21T10:40:15.295Z] INFO: Log dipo : ./logs/
2025-10-21T10:40:48.420Z POST /register 500 3.005 ms - 26
[2025-10-21T10:41:39.305Z] INFO: Server is running at http://localhost:3000
[2025-10-21T10:41:39.306Z] INFO: Log dipo : ./logs/
2025-10-21T10:41:46.735Z POST /register 400 0.870 ms - 37
[2025-10-21T10:43:42.110Z] INFO: Server is running at http://localhost:3000
[2025-10-21T10:43:42.111Z] INFO: Log dipo : ./logs/
[2025-10-21T10:45:12.472Z] INFO: Server is running at http://localhost:3000
[2025-10-21T10:45:12.473Z] INFO: Log dipo : ./logs/
[2025-10-21T10:45:33.619Z] INFO: Server is running at http://localhost:3000
[2025-10-21T10:45:33.620Z] INFO: Log dipo : ./logs/
[2025-10-21T10:45:50.967Z] INFO: Server is running at http://localhost:3000
[2025-10-21T10:45:50.968Z] INFO: Log dipo : ./logs/
[2025-10-21T10:46:11.163Z] INFO: Server is running at http://localhost:3000
[2025-10-21T10:46:11.164Z] INFO: Log dipo : ./logs/
[2025-10-21T10:46:41.816Z] INFO: Server is running at http://localhost:3000
[2025-10-21T10:46:41.817Z] INFO: Log dipo : ./logs/
[2025-10-21T10:47:06.955Z] INFO: Server is running at http://localhost:3000
[2025-10-21T10:47:06.956Z] INFO: Log dipo : ./logs/
[2025-10-21T10:47:25.157Z] INFO: Server is running at http://localhost:3000
[2025-10-21T10:47:25.159Z] INFO: Log dipo : ./logs/
2025-10-21T10:48:32.064Z GET /users/999 404 2.901 ms - 106
2025-10-21T10:48:32.475Z GET /favicon.ico 404 1.027 ms - 108
[2025-10-21T10:48:54.951Z] INFO: Server is running at http://localhost:3000
[2025-10-21T10:48:54.954Z] INFO: Log dipo : ./logs/
[2025-10-21T10:49:19.152Z] INFO: Server is running at http://localhost:3000
[2025-10-21T10:49:19.153Z] INFO: Log dipo : ./logs/
[2025-10-21T10:49:40.305Z] INFO: Server is running at http://localhost:3000
[2025-10-21T10:49:40.307Z] INFO: Log dipo : ./logs/
2025-10-21T10:49:43.851Z POST /register 400 4.331 ms - 92
[2025-10-21T10:50:01.835Z] INFO: Server is running at http://localhost:3000
[2025-10-21T10:50:01.836Z] INFO: Log dipo : ./logs/
[2025-10-21T10:50:02.917Z] INFO: Server is running at http://localhost:3000
[2025-10-21T10:50:02.917Z] INFO: Log dipo : ./logs/
[2025-10-21T10:50:03.780Z] INFO: Server is running at http://localhost:3000
[2025-10-21T10:50:03.781Z] INFO: Log dipo : ./logs/
[2025-10-21T10:50:06.409Z] INFO: Server is running at http://localhost:3000
[2025-10-21T10:50:06.410Z] INFO: Log dipo : ./logs/
2025-10-21T10:50:10.599Z POST /register 400 1.361 ms - 92
[2025-10-21T10:50:27.905Z] INFO: Server is running at http://localhost:3000
[2025-10-21T10:50:27.906Z] INFO: Log dipo : ./logs/
[2025-10-21T12:10:03.208Z] INFO: Server is running at http://localhost:3000
[2025-10-21T12:10:03.209Z] INFO: Log dipo : ./logs/
2025-10-21T12:11:14.828Z POST /register 400 2.317 ms - 92
2025-10-21T12:11:24.846Z POST /register 400 1.279 ms - 92
[2025-10-21T12:21:48.150Z] INFO: Server is running at http://localhost:3000
[2025-10-21T12:21:48.151Z] INFO: Log dipo : ./logs/
2025-10-21T12:21:51.503Z POST /products 401 4.533 ms - 27
2025-10-21T12:21:58.577Z GET /products 404 2.557 ms - 105
[2025-10-21T12:22:19.420Z] INFO: Server is running at http://localhost:3000
[2025-10-21T12:22:19.421Z] INFO: Log dipo : ./logs/
2025-10-21T12:22:21.180Z GET /products 500 3.774 ms - 91
[2025-10-21T12:22:47.845Z] INFO: Server is running at http://localhost:3000
[2025-10-21T12:22:47.846Z] INFO: Log dipo : ./logs/
2025-10-21T12:22:51.457Z GET /products 200 32.312 ms - 16945
[2025-10-21T12:24:16.832Z] INFO: Server is running at http://localhost:3000
[2025-10-21T12:24:16.833Z] INFO: Log dipo : ./logs/
[2025-10-21T12:24:24.790Z] INFO: Server is running at http://localhost:3000
[2025-10-21T12:24:24.791Z] INFO: Log dipo : ./logs/
2025-10-21T12:24:27.134Z GET /products 401 5.532 ms - 27
[2025-10-21T12:25:03.505Z] INFO: Server is running at http://localhost:3000
[2025-10-21T12:25:03.507Z] INFO: Log dipo : ./logs/
[2025-10-21T12:29:00.696Z] INFO: Server is running at http://localhost:3000
[2025-10-21T12:29:00.696Z] INFO: Log dipo : ./logs/
