[2025-10-21T10:16:57.288Z] ERROR: This is an error log example
[2025-10-21T10:21:11.308Z] ERROR: This is an error log example
[2025-10-21T10:21:26.925Z] ERROR: GET /test/error - Ceci est une erreur de test - Ceci est une erreur de test
Stack: Error: Ceci est une erreur de test
    at /Users/clementg/Documents/cours-express-b3/index.js:630:9
    at Layer.handleRequest (/Users/clementg/Documents/cours-express-b3/node_modules/router/lib/layer.js:152:17)
    at next (/Users/clementg/Documents/cours-express-b3/node_modules/router/lib/route.js:157:13)
    at Route.dispatch (/Users/clementg/Documents/cours-express-b3/node_modules/router/lib/route.js:117:3)
    at handle (/Users/clementg/Documents/cours-express-b3/node_modules/router/index.js:435:11)
    at Layer.handleRequest (/Users/clementg/Documents/cours-express-b3/node_modules/router/lib/layer.js:152:17)
    at /Users/clementg/Documents/cours-express-b3/node_modules/router/index.js:295:15
    at processParams (/Users/clementg/Documents/cours-express-b3/node_modules/router/index.js:582:12)
    at next (/Users/clementg/Documents/cours-express-b3/node_modules/router/index.js:291:5)
    at /Users/clementg/Documents/cours-express-b3/index.js:46:5
[2025-10-21T10:22:12.902Z] ERROR: GET /test/async-error - Erreur asynchrone simulée - Erreur asynchrone simulée
Stack: Error: Erreur asynchrone simulée
    at Timeout._onTimeout (/Users/clementg/Documents/cours-express-b3/index.js:638:14)
    at listOnTimeout (node:internal/timers:573:17)
    at process.processTimers (node:internal/timers:514:7)
[2025-10-21T10:23:25.636Z] ERROR: GET /test/unhandled - Cannot read properties of null (reading 'property') - Cannot read properties of null (reading 'property')
Stack: TypeError: Cannot read properties of null (reading 'property')
    at /Users/clementg/Documents/cours-express-b3/index.js:647:7
    at Layer.handleRequest (/Users/clementg/Documents/cours-express-b3/node_modules/router/lib/layer.js:152:17)
    at next (/Users/clementg/Documents/cours-express-b3/node_modules/router/lib/route.js:157:13)
    at Route.dispatch (/Users/clementg/Documents/cours-express-b3/node_modules/router/lib/route.js:117:3)
    at handle (/Users/clementg/Documents/cours-express-b3/node_modules/router/index.js:435:11)
    at Layer.handleRequest (/Users/clementg/Documents/cours-express-b3/node_modules/router/lib/layer.js:152:17)
    at /Users/clementg/Documents/cours-express-b3/node_modules/router/index.js:295:15
    at processParams (/Users/clementg/Documents/cours-express-b3/node_modules/router/index.js:582:12)
    at next (/Users/clementg/Documents/cours-express-b3/node_modules/router/index.js:291:5)
    at /Users/clementg/Documents/cours-express-b3/index.js:46:5
[2025-10-21T10:23:46.637Z] ERROR: GET /test/health - Cannot find /test/health on this server - Cannot find /test/health on this server
Stack: Error: Cannot find /test/health on this server
    at notFoundHandler (/Users/clementg/Documents/cours-express-b3/middleware/errorMiddlleware.js:24:19)
    at Layer.handleRequest (/Users/clementg/Documents/cours-express-b3/node_modules/router/lib/layer.js:152:17)
    at trimPrefix (/Users/clementg/Documents/cours-express-b3/node_modules/router/index.js:342:13)
    at /Users/clementg/Documents/cours-express-b3/node_modules/router/index.js:297:9
    at processParams (/Users/clementg/Documents/cours-express-b3/node_modules/router/index.js:582:12)
    at next (/Users/clementg/Documents/cours-express-b3/node_modules/router/index.js:291:5)
    at /Users/clementg/Documents/cours-express-b3/index.js:46:5
    at Layer.handleRequest (/Users/clementg/Documents/cours-express-b3/node_modules/router/lib/layer.js:152:17)
    at trimPrefix (/Users/clementg/Documents/cours-express-b3/node_modules/router/index.js:342:13)
    at /Users/clementg/Documents/cours-express-b3/node_modules/router/index.js:297:9
[2025-10-21T10:26:30.103Z] ERROR: This is an error log example
[2025-10-21T10:27:11.857Z] ERROR: This is an error log example
[2025-10-21T10:29:03.911Z] ERROR: This is an error log example
[2025-10-21T10:40:15.296Z] ERROR: This is an error log example
[2025-10-21T10:41:39.306Z] ERROR: This is an error log example
[2025-10-21T10:41:46.733Z] ERROR: Registration error: Missing fields - undefined
Stack: undefined
[2025-10-21T10:43:42.111Z] ERROR: This is an error log example
[2025-10-21T10:45:12.473Z] ERROR: This is an error log example
[2025-10-21T10:45:33.620Z] ERROR: This is an error log example
[2025-10-21T10:45:50.968Z] ERROR: This is an error log example
[2025-10-21T10:46:11.164Z] ERROR: This is an error log example
[2025-10-21T10:46:41.818Z] ERROR: This is an error log example
[2025-10-21T10:47:06.956Z] ERROR: This is an error log example
[2025-10-21T10:47:25.159Z] ERROR: This is an error log example
[2025-10-21T10:48:32.060Z] ERROR: GET /users/999 - Cannot find /users/999 on this server - Cannot find /users/999 on this server
Stack: Error: Cannot find /users/999 on this server
    at notFoundHandler (/Users/clementg/Documents/cours-express-b3/middleware/errorMiddlleware.js:24:19)
    at Layer.handleRequest (/Users/clementg/Documents/cours-express-b3/node_modules/router/lib/layer.js:152:17)
    at trimPrefix (/Users/clementg/Documents/cours-express-b3/node_modules/router/index.js:342:13)
    at /Users/clementg/Documents/cours-express-b3/node_modules/router/index.js:297:9
    at processParams (/Users/clementg/Documents/cours-express-b3/node_modules/router/index.js:582:12)
    at next (/Users/clementg/Documents/cours-express-b3/node_modules/router/index.js:291:5)
    at /Users/clementg/Documents/cours-express-b3/index.js:46:5
    at Layer.handleRequest (/Users/clementg/Documents/cours-express-b3/node_modules/router/lib/layer.js:152:17)
    at trimPrefix (/Users/clementg/Documents/cours-express-b3/node_modules/router/index.js:342:13)
    at /Users/clementg/Documents/cours-express-b3/node_modules/router/index.js:297:9
[2025-10-21T10:48:32.474Z] ERROR: GET /favicon.ico - Cannot find /favicon.ico on this server - Cannot find /favicon.ico on this server
Stack: Error: Cannot find /favicon.ico on this server
    at notFoundHandler (/Users/clementg/Documents/cours-express-b3/middleware/errorMiddlleware.js:24:19)
    at Layer.handleRequest (/Users/clementg/Documents/cours-express-b3/node_modules/router/lib/layer.js:152:17)
    at trimPrefix (/Users/clementg/Documents/cours-express-b3/node_modules/router/index.js:342:13)
    at /Users/clementg/Documents/cours-express-b3/node_modules/router/index.js:297:9
    at processParams (/Users/clementg/Documents/cours-express-b3/node_modules/router/index.js:582:12)
    at next (/Users/clementg/Documents/cours-express-b3/node_modules/router/index.js:291:5)
    at /Users/clementg/Documents/cours-express-b3/index.js:46:5
    at Layer.handleRequest (/Users/clementg/Documents/cours-express-b3/node_modules/router/lib/layer.js:152:17)
    at trimPrefix (/Users/clementg/Documents/cours-express-b3/node_modules/router/index.js:342:13)
    at /Users/clementg/Documents/cours-express-b3/node_modules/router/index.js:297:9
[2025-10-21T10:48:54.954Z] ERROR: This is an error log example
[2025-10-21T10:49:19.153Z] ERROR: This is an error log example
[2025-10-21T10:49:40.307Z] ERROR: This is an error log example
[2025-10-21T10:49:43.848Z] ERROR: POST /register - All fields are required - All fields are required
Stack: Error: All fields are required
    at /Users/clementg/Documents/cours-express-b3/index.js:109:15
    at /Users/clementg/Documents/cours-express-b3/utils/error.js:11:25
    at Layer.handleRequest (/Users/clementg/Documents/cours-express-b3/node_modules/router/lib/layer.js:152:17)
    at next (/Users/clementg/Documents/cours-express-b3/node_modules/router/lib/route.js:157:13)
    at Route.dispatch (/Users/clementg/Documents/cours-express-b3/node_modules/router/lib/route.js:117:3)
    at handle (/Users/clementg/Documents/cours-express-b3/node_modules/router/index.js:435:11)
    at Layer.handleRequest (/Users/clementg/Documents/cours-express-b3/node_modules/router/lib/layer.js:152:17)
    at /Users/clementg/Documents/cours-express-b3/node_modules/router/index.js:295:15
    at processParams (/Users/clementg/Documents/cours-express-b3/node_modules/router/index.js:582:12)
    at next (/Users/clementg/Documents/cours-express-b3/node_modules/router/index.js:291:5)
[2025-10-21T10:50:01.836Z] ERROR: This is an error log example
[2025-10-21T10:50:02.918Z] ERROR: This is an error log example
[2025-10-21T10:50:03.781Z] ERROR: This is an error log example
[2025-10-21T10:50:06.410Z] ERROR: This is an error log example
[2025-10-21T10:50:10.597Z] ERROR: POST /register - All fields are required - All fields are required
Stack: Error: All fields are required
    at /Users/clementg/Documents/cours-express-b3/index.js:109:15
    at /Users/clementg/Documents/cours-express-b3/utils/error.js:11:25
    at Layer.handleRequest (/Users/clementg/Documents/cours-express-b3/node_modules/router/lib/layer.js:152:17)
    at next (/Users/clementg/Documents/cours-express-b3/node_modules/router/lib/route.js:157:13)
    at Route.dispatch (/Users/clementg/Documents/cours-express-b3/node_modules/router/lib/route.js:117:3)
    at handle (/Users/clementg/Documents/cours-express-b3/node_modules/router/index.js:435:11)
    at Layer.handleRequest (/Users/clementg/Documents/cours-express-b3/node_modules/router/lib/layer.js:152:17)
    at /Users/clementg/Documents/cours-express-b3/node_modules/router/index.js:295:15
    at processParams (/Users/clementg/Documents/cours-express-b3/node_modules/router/index.js:582:12)
    at next (/Users/clementg/Documents/cours-express-b3/node_modules/router/index.js:291:5)
[2025-10-21T10:50:27.906Z] ERROR: This is an error log example
[2025-10-21T12:10:03.209Z] ERROR: This is an error log example
[2025-10-21T12:11:14.826Z] ERROR: POST /register - All fields are required - All fields are required
Stack: Error: All fields are required
    at /Users/clementg/Documents/cours-express-b3/index.js:109:15
    at /Users/clementg/Documents/cours-express-b3/utils/error.js:11:25
    at Layer.handleRequest (/Users/clementg/Documents/cours-express-b3/node_modules/router/lib/layer.js:152:17)
    at next (/Users/clementg/Documents/cours-express-b3/node_modules/router/lib/route.js:157:13)
    at Route.dispatch (/Users/clementg/Documents/cours-express-b3/node_modules/router/lib/route.js:117:3)
    at handle (/Users/clementg/Documents/cours-express-b3/node_modules/router/index.js:435:11)
    at Layer.handleRequest (/Users/clementg/Documents/cours-express-b3/node_modules/router/lib/layer.js:152:17)
    at /Users/clementg/Documents/cours-express-b3/node_modules/router/index.js:295:15
    at processParams (/Users/clementg/Documents/cours-express-b3/node_modules/router/index.js:582:12)
    at next (/Users/clementg/Documents/cours-express-b3/node_modules/router/index.js:291:5)
[2025-10-21T12:11:24.845Z] ERROR: POST /register - All fields are required - All fields are required
Stack: Error: All fields are required
    at /Users/clementg/Documents/cours-express-b3/index.js:109:15
    at /Users/clementg/Documents/cours-express-b3/utils/error.js:11:25
    at Layer.handleRequest (/Users/clementg/Documents/cours-express-b3/node_modules/router/lib/layer.js:152:17)
    at next (/Users/clementg/Documents/cours-express-b3/node_modules/router/lib/route.js:157:13)
    at Route.dispatch (/Users/clementg/Documents/cours-express-b3/node_modules/router/lib/route.js:117:3)
    at handle (/Users/clementg/Documents/cours-express-b3/node_modules/router/index.js:435:11)
    at Layer.handleRequest (/Users/clementg/Documents/cours-express-b3/node_modules/router/lib/layer.js:152:17)
    at /Users/clementg/Documents/cours-express-b3/node_modules/router/index.js:295:15
    at processParams (/Users/clementg/Documents/cours-express-b3/node_modules/router/index.js:582:12)
    at next (/Users/clementg/Documents/cours-express-b3/node_modules/router/index.js:291:5)
[2025-10-21T12:21:48.151Z] ERROR: This is an error log example
[2025-10-21T12:21:58.576Z] ERROR: GET /products - Cannot find /products on this server - Cannot find /products on this server
Stack: Error: Cannot find /products on this server
    at notFoundHandler (/Users/clementg/Documents/cours-express-b3/middleware/errorMiddlleware.js:24:19)
    at Layer.handleRequest (/Users/clementg/Documents/cours-express-b3/node_modules/router/lib/layer.js:152:17)
    at trimPrefix (/Users/clementg/Documents/cours-express-b3/node_modules/router/index.js:342:13)
    at /Users/clementg/Documents/cours-express-b3/node_modules/router/index.js:297:9
    at processParams (/Users/clementg/Documents/cours-express-b3/node_modules/router/index.js:582:12)
    at next (/Users/clementg/Documents/cours-express-b3/node_modules/router/index.js:291:5)
    at logger (/Users/clementg/Documents/cours-express-b3/node_modules/morgan/index.js:144:5)
    at Layer.handleRequest (/Users/clementg/Documents/cours-express-b3/node_modules/router/lib/layer.js:152:17)
    at trimPrefix (/Users/clementg/Documents/cours-express-b3/node_modules/router/index.js:342:13)
    at /Users/clementg/Documents/cours-express-b3/node_modules/router/index.js:297:9
[2025-10-21T12:22:19.421Z] ERROR: This is an error log example
[2025-10-21T12:22:21.177Z] ERROR: GET /products - Product is not defined - Product is not defined
Stack: ReferenceError: Product is not defined
    at /Users/clementg/Documents/cours-express-b3/routes/products.js:5:22
    at Layer.handleRequest (/Users/clementg/Documents/cours-express-b3/node_modules/router/lib/layer.js:152:17)
    at next (/Users/clementg/Documents/cours-express-b3/node_modules/router/lib/route.js:157:13)
    at Route.dispatch (/Users/clementg/Documents/cours-express-b3/node_modules/router/lib/route.js:117:3)
    at handle (/Users/clementg/Documents/cours-express-b3/node_modules/router/index.js:435:11)
    at Layer.handleRequest (/Users/clementg/Documents/cours-express-b3/node_modules/router/lib/layer.js:152:17)
    at /Users/clementg/Documents/cours-express-b3/node_modules/router/index.js:295:15
    at processParams (/Users/clementg/Documents/cours-express-b3/node_modules/router/index.js:582:12)
    at next (/Users/clementg/Documents/cours-express-b3/node_modules/router/index.js:291:5)
    at Function.handle (/Users/clementg/Documents/cours-express-b3/node_modules/router/index.js:186:3)
[2025-10-21T12:22:47.846Z] ERROR: This is an error log example
[2025-10-21T12:24:16.833Z] ERROR: This is an error log example
[2025-10-21T12:24:24.791Z] ERROR: This is an error log example
[2025-10-21T12:25:03.507Z] ERROR: This is an error log example
[2025-10-21T12:29:00.696Z] ERROR: This is an error log example
